#
# There is insufficient memory for the Java Runtime Environment to continue.
# Native memory allocation (malloc) failed to allocate 391376 bytes for Chunk::new
# Possible reasons:
#   The system is out of physical RAM or swap space
#   The process is running with CompressedOops enabled, and the Java Heap may be blocking the growth of the native heap
# Possible solutions:
#   Reduce memory load on the system
#   Increase physical memory or swap space
#   Check if swap backing store is full
#   Decrease Java heap size (-Xmx/-Xms)
#   Decrease number of Java threads
#   Decrease Java thread stack sizes (-Xss)
#   Set larger code cache with -XX:ReservedCodeCacheSize=
#   JVM is running with Unscaled Compressed Oops mode in which the Java heap is
#     placed in the first 4GB address space. The Java Heap base address is the
#     maximum limit for the native heap growth. Please use -XX:HeapBaseMinAddress
#     to set the Java Heap base and to place the Java Heap above 4GB virtual address.
# This output file may be truncated or incomplete.
#
#  Out of Memory Error (./open/src/hotspot/share/memory/arena.cpp:197), pid=23680, tid=27696
#
# JRE version: Java(TM) SE Runtime Environment 18.9 (11.0.17+10) (build 11.0.17+10-LTS-269)
# Java VM: Java HotSpot(TM) 64-Bit Server VM 18.9 (11.0.17+10-LTS-269, mixed mode, tiered, compressed oops, g1 gc, windows-amd64)
# No core dump will be written. Minidumps are not enabled by default on client versions of Windows
#

---------------  S U M M A R Y ------------

Command Line: -Dfile.encoding=Cp1252 com.client.NativeSql

Host: Intel(R) Core(TM) i5-7300U CPU @ 2.60GHz, 4 cores, 7G,  Windows 11 , 64 bit Build 22000 (10.0.22000.1516)
Time: Wed Apr 19 15:47:17 2023 India Standard Time elapsed time: 3.411271 seconds (0d 0h 0m 3s)

---------------  T H R E A D  ---------------

Current thread (0x0000024c63fc0800):  JavaThread "C2 CompilerThread1" daemon [_thread_in_native, id=27696, stack(0x000000e8d6600000,0x000000e8d6700000)]


Current CompileTask:
C2:   3411 1919       4       java.lang.reflect.ProxyGenerator$ConstantPool::getIndirect (63 bytes)

Stack: [0x000000e8d6600000,0x000000e8d6700000]
Native frames: (J=compiled Java code, j=interpreted, Vv=VM code, C=native code)
V  [jvm.dll+0x62b5da]
V  [jvm.dll+0x7653df]
V  [jvm.dll+0x766a89]
V  [jvm.dll+0x767113]
V  [jvm.dll+0x23dd28]
V  [jvm.dll+0xb2a1c]
V  [jvm.dll+0xb2fdc]
V  [jvm.dll+0x341597]
V  [jvm.dll+0x30ef13]
V  [jvm.dll+0x30e25a]
V  [jvm.dll+0x1f8733]
V  [jvm.dll+0x1f78fd]
V  [jvm.dll+0x177c91]
V  [jvm.dll+0x207296]
V  [jvm.dll+0x20542b]
V  [jvm.dll+0x72b2c0]
V  [jvm.dll+0x723e64]
V  [jvm.dll+0x62a485]
C  [ucrtbase.dll+0x26c0c]
C  [KERNEL32.DLL+0x155a0]
C  [ntdll.dll+0x485b]


---------------  P R O C E S S  ---------------

Threads class SMR info:
_java_thread_list=0x0000024c64198dc0, length=13, elements={
0x0000024c42b7a000, 0x0000024c6227d800, 0x0000024c622a9800, 0x0000024c622c0800,
0x0000024c622c2000, 0x0000024c622c3000, 0x0000024c622cc000, 0x0000024c622d0800,
0x0000024c622d6000, 0x0000024c62d94800, 0x0000024c63683000, 0x0000024c63fc0800,
0x0000024c64050000
}

Java Threads: ( => current thread )
  0x0000024c42b7a000 JavaThread "main" [_thread_blocked, id=23988, stack(0x000000e8d5200000,0x000000e8d5300000)]
  0x0000024c6227d800 JavaThread "Reference Handler" daemon [_thread_blocked, id=19712, stack(0x000000e8d5900000,0x000000e8d5a00000)]
  0x0000024c622a9800 JavaThread "Finalizer" daemon [_thread_blocked, id=26904, stack(0x000000e8d5a00000,0x000000e8d5b00000)]
  0x0000024c622c0800 JavaThread "Signal Dispatcher" daemon [_thread_blocked, id=3416, stack(0x000000e8d5b00000,0x000000e8d5c00000)]
  0x0000024c622c2000 JavaThread "Attach Listener" daemon [_thread_blocked, id=29504, stack(0x000000e8d5c00000,0x000000e8d5d00000)]
  0x0000024c622c3000 JavaThread "Service Thread" daemon [_thread_blocked, id=30248, stack(0x000000e8d5d00000,0x000000e8d5e00000)]
  0x0000024c622cc000 JavaThread "C2 CompilerThread0" daemon [_thread_blocked, id=24452, stack(0x000000e8d5e00000,0x000000e8d5f00000)]
  0x0000024c622d0800 JavaThread "C1 CompilerThread0" daemon [_thread_blocked, id=29640, stack(0x000000e8d5f00000,0x000000e8d6000000)]
  0x0000024c622d6000 JavaThread "Sweeper thread" daemon [_thread_blocked, id=17744, stack(0x000000e8d6000000,0x000000e8d6100000)]
  0x0000024c62d94800 JavaThread "Common-Cleaner" daemon [_thread_blocked, id=28532, stack(0x000000e8d6200000,0x000000e8d6300000)]
  0x0000024c63683000 JavaThread "mysql-cj-abandoned-connection-cleanup" daemon [_thread_blocked, id=27312, stack(0x000000e8d6500000,0x000000e8d6600000)]
=>0x0000024c63fc0800 JavaThread "C2 CompilerThread1" daemon [_thread_in_native, id=27696, stack(0x000000e8d6600000,0x000000e8d6700000)]
  0x0000024c64050000 JavaThread "pool-1-thread-1" [_thread_blocked, id=28676, stack(0x000000e8d6700000,0x000000e8d6800000)]

Other Threads:
  0x0000024c6227d000 VMThread "VM Thread" [stack: 0x000000e8d5800000,0x000000e8d5900000] [id=8988]
  0x0000024c62d9a000 WatcherThread [stack: 0x000000e8d6100000,0x000000e8d6200000] [id=6008]
  0x0000024c44c50000 GCTaskThread "GC Thread#0" [stack: 0x000000e8d5300000,0x000000e8d5400000] [id=28748]
  0x0000024c6360c000 GCTaskThread "GC Thread#1" [stack: 0x000000e8d6300000,0x000000e8d6400000] [id=25744]
  0x0000024c635cf800 GCTaskThread "GC Thread#2" [stack: 0x000000e8d6400000,0x000000e8d6500000] [id=8180]
  0x0000024c644b5000 GCTaskThread "GC Thread#3" [stack: 0x000000e8d6800000,0x000000e8d6900000] [id=8688]
  0x0000024c44c82000 ConcurrentGCThread "G1 Main Marker" [stack: 0x000000e8d5400000,0x000000e8d5500000] [id=12404]
  0x0000024c44c83000 ConcurrentGCThread "G1 Conc#0" [stack: 0x000000e8d5500000,0x000000e8d5600000] [id=27476]
  0x0000024c44d16000 ConcurrentGCThread "G1 Refine#0" [stack: 0x000000e8d5600000,0x000000e8d5700000] [id=24292]
  0x0000024c44d1a000 ConcurrentGCThread "G1 Young RemSet Sampling" [stack: 0x000000e8d5700000,0x000000e8d5800000] [id=15956]

Threads with active compile tasks:
C2 CompilerThread1     3453 1919       4       java.lang.reflect.ProxyGenerator$ConstantPool::getIndirect (63 bytes)

VM state:at safepoint (normal execution)

VM Mutex/Monitor currently owned by a thread:  ([mutex/lock_event])
[0x0000024c44c39360] FreeList_lock - owner thread: 0x0000000000000000
[0x0000024c44c3afd0] Threads_lock - owner thread: 0x0000024c6227d000
[0x0000024c44c3aeb0] Heap_lock - owner thread: 0x0000024c42b7a000

Heap address: 0x0000000082600000, size: 2010 MB, Compressed Oops mode: 32-bit
Narrow klass base: 0x0000000000000000, Narrow klass shift: 3
Compressed class space size: 1073741824 Address: 0x0000000100000000

Heap:
 garbage-first heap   total 129024K, used 9136K [0x0000000082600000, 0x0000000100000000)
  region size 1024K, 5 young (5120K), 5 survivors (5120K)
 Metaspace       used 30353K, capacity 30800K, committed 30896K, reserved 1077248K
  class space    used 3685K, capacity 3826K, committed 3840K, reserved 1048576K
Heap Regions: E=young(eden), S=young(survivor), O=old, HS=humongous(starts), HC=humongous(continues), CS=collection set, F=free, A=archive, TAMS=top-at-mark-start (previous, next)
|   0|0x0000000082600000, 0x0000000082700000, 0x0000000082700000|100%|HS|  |TAMS 0x0000000082700000, 0x0000000082700000| Complete 
|   1|0x0000000082700000, 0x0000000082800000, 0x0000000082800000|100%| O|  |TAMS 0x0000000082800000, 0x0000000082800000| Untracked 
|   2|0x0000000082800000, 0x0000000082900000, 0x0000000082900000|100%| O|  |TAMS 0x0000000082900000, 0x0000000082900000| Untracked 
|   3|0x0000000082900000, 0x0000000082a00000, 0x0000000082a00000|100%| O|  |TAMS 0x0000000082a00000, 0x0000000082a00000| Untracked 
|   4|0x0000000082a00000, 0x0000000082a11600, 0x0000000082b00000|  6%| O|  |TAMS 0x0000000082a11600, 0x0000000082a11600| Untracked 
|   5|0x0000000082b00000, 0x0000000082b00000, 0x0000000082c00000|  0%| F|  |TAMS 0x0000000082b00000, 0x0000000082b00000| Untracked 
|   6|0x0000000082c00000, 0x0000000082c00000, 0x0000000082d00000|  0%| F|  |TAMS 0x0000000082c00000, 0x0000000082c00000| Untracked 
|   7|0x0000000082d00000, 0x0000000082d00000, 0x0000000082e00000|  0%| F|  |TAMS 0x0000000082d00000, 0x0000000082d00000| Untracked 
|   8|0x0000000082e00000, 0x0000000082e00000, 0x0000000082f00000|  0%| F|  |TAMS 0x0000000082e00000, 0x0000000082e00000| Untracked 
|   9|0x0000000082f00000, 0x0000000082f00000, 0x0000000083000000|  0%| F|  |TAMS 0x0000000082f00000, 0x0000000082f00000| Untracked 
|  10|0x0000000083000000, 0x0000000083000000, 0x0000000083100000|  0%| F|  |TAMS 0x0000000083000000, 0x0000000083000000| Untracked 
|  11|0x0000000083100000, 0x0000000083100000, 0x0000000083200000|  0%| F|  |TAMS 0x0000000083100000, 0x0000000083100000| Untracked 
|  12|0x0000000083200000, 0x0000000083200000, 0x0000000083300000|  0%| F|  |TAMS 0x0000000083200000, 0x0000000083200000| Untracked 
|  13|0x0000000083300000, 0x0000000083300000, 0x0000000083400000|  0%| F|  |TAMS 0x0000000083300000, 0x0000000083300000| Untracked 
|  14|0x0000000083400000, 0x0000000083400000, 0x0000000083500000|  0%| F|  |TAMS 0x0000000083400000, 0x0000000083400000| Untracked 
|  15|0x0000000083500000, 0x0000000083500000, 0x0000000083600000|  0%| F|  |TAMS 0x0000000083500000, 0x0000000083500000| Untracked 
|  16|0x0000000083600000, 0x0000000083600000, 0x0000000083700000|  0%| F|  |TAMS 0x0000000083600000, 0x0000000083600000| Untracked 
|  17|0x0000000083700000, 0x0000000083700000, 0x0000000083800000|  0%| F|  |TAMS 0x0000000083700000, 0x0000000083700000| Untracked 
|  18|0x0000000083800000, 0x0000000083800000, 0x0000000083900000|  0%| F|  |TAMS 0x0000000083800000, 0x0000000083800000| Untracked 
|  19|0x0000000083900000, 0x0000000083900000, 0x0000000083a00000|  0%| F|  |TAMS 0x0000000083900000, 0x0000000083900000| Untracked 
|  20|0x0000000083a00000, 0x0000000083a00000, 0x0000000083b00000|  0%| F|  |TAMS 0x0000000083a00000, 0x0000000083a00000| Untracked 
|  21|0x0000000083b00000, 0x0000000083b00000, 0x0000000083c00000|  0%| F|  |TAMS 0x0000000083b00000, 0x0000000083b00000| Untracked 
|  22|0x0000000083c00000, 0x0000000083c00000, 0x0000000083d00000|  0%| F|  |TAMS 0x0000000083c00000, 0x0000000083c00000| Untracked 
|  23|0x0000000083d00000, 0x0000000083d00000, 0x0000000083e00000|  0%| F|  |TAMS 0x0000000083d00000, 0x0000000083d00000| Untracked 
|  24|0x0000000083e00000, 0x0000000083e00000, 0x0000000083f00000|  0%| F|  |TAMS 0x0000000083e00000, 0x0000000083e00000| Untracked 
|  25|0x0000000083f00000, 0x0000000083f00000, 0x0000000084000000|  0%| F|  |TAMS 0x0000000083f00000, 0x0000000083f00000| Untracked 
|  26|0x0000000084000000, 0x0000000084000000, 0x0000000084100000|  0%| F|  |TAMS 0x0000000084000000, 0x0000000084000000| Untracked 
|  27|0x0000000084100000, 0x0000000084100000, 0x0000000084200000|  0%| F|  |TAMS 0x0000000084100000, 0x0000000084100000| Untracked 
|  28|0x0000000084200000, 0x0000000084200000, 0x0000000084300000|  0%| F|  |TAMS 0x0000000084200000, 0x0000000084200000| Untracked 
|  29|0x0000000084300000, 0x0000000084300000, 0x0000000084400000|  0%| F|  |TAMS 0x0000000084300000, 0x0000000084300000| Untracked 
|  30|0x0000000084400000, 0x0000000084400000, 0x0000000084500000|  0%| F|  |TAMS 0x0000000084400000, 0x0000000084400000| Untracked 
|  31|0x0000000084500000, 0x0000000084500000, 0x0000000084600000|  0%| F|  |TAMS 0x0000000084500000, 0x0000000084500000| Untracked 
|  32|0x0000000084600000, 0x0000000084600000, 0x0000000084700000|  0%| F|  |TAMS 0x0000000084600000, 0x0000000084600000| Untracked 
|  33|0x0000000084700000, 0x0000000084700000, 0x0000000084800000|  0%| F|  |TAMS 0x0000000084700000, 0x0000000084700000| Untracked 
|  34|0x0000000084800000, 0x0000000084800000, 0x0000000084900000|  0%| F|  |TAMS 0x0000000084800000, 0x0000000084800000| Untracked 
|  35|0x0000000084900000, 0x0000000084900000, 0x0000000084a00000|  0%| F|  |TAMS 0x0000000084900000, 0x0000000084900000| Untracked 
|  36|0x0000000084a00000, 0x0000000084a00000, 0x0000000084b00000|  0%| F|  |TAMS 0x0000000084a00000, 0x0000000084a00000| Untracked 
|  37|0x0000000084b00000, 0x0000000084b00000, 0x0000000084c00000|  0%| F|  |TAMS 0x0000000084b00000, 0x0000000084b00000| Untracked 
|  38|0x0000000084c00000, 0x0000000084c00000, 0x0000000084d00000|  0%| F|  |TAMS 0x0000000084c00000, 0x0000000084c00000| Untracked 
|  39|0x0000000084d00000, 0x0000000084d00000, 0x0000000084e00000|  0%| F|  |TAMS 0x0000000084d00000, 0x0000000084d00000| Untracked 
|  40|0x0000000084e00000, 0x0000000084e00000, 0x0000000084f00000|  0%| F|  |TAMS 0x0000000084e00000, 0x0000000084e00000| Untracked 
|  41|0x0000000084f00000, 0x0000000084f00000, 0x0000000085000000|  0%| F|  |TAMS 0x0000000084f00000, 0x0000000084f00000| Untracked 
|  42|0x0000000085000000, 0x0000000085000000, 0x0000000085100000|  0%| F|  |TAMS 0x0000000085000000, 0x0000000085000000| Untracked 
|  43|0x0000000085100000, 0x0000000085100000, 0x0000000085200000|  0%| F|  |TAMS 0x0000000085100000, 0x0000000085100000| Untracked 
|  44|0x0000000085200000, 0x0000000085200000, 0x0000000085300000|  0%| F|  |TAMS 0x0000000085200000, 0x0000000085200000| Untracked 
|  45|0x0000000085300000, 0x0000000085300000, 0x0000000085400000|  0%| F|  |TAMS 0x0000000085300000, 0x0000000085300000| Untracked 
|  46|0x0000000085400000, 0x0000000085400000, 0x0000000085500000|  0%| F|  |TAMS 0x0000000085400000, 0x0000000085400000| Untracked 
|  47|0x0000000085500000, 0x0000000085500000, 0x0000000085600000|  0%| F|  |TAMS 0x0000000085500000, 0x0000000085500000| Untracked 
|  48|0x0000000085600000, 0x0000000085600000, 0x0000000085700000|  0%| F|  |TAMS 0x0000000085600000, 0x0000000085600000| Untracked 
|  49|0x0000000085700000, 0x0000000085700000, 0x0000000085800000|  0%| F|  |TAMS 0x0000000085700000, 0x0000000085700000| Untracked 
|  50|0x0000000085800000, 0x0000000085800000, 0x0000000085900000|  0%| F|  |TAMS 0x0000000085800000, 0x0000000085800000| Untracked 
|  51|0x0000000085900000, 0x0000000085900000, 0x0000000085a00000|  0%| F|  |TAMS 0x0000000085900000, 0x0000000085900000| Untracked 
|  52|0x0000000085a00000, 0x0000000085a00000, 0x0000000085b00000|  0%| F|  |TAMS 0x0000000085a00000, 0x0000000085a00000| Untracked 
|  53|0x0000000085b00000, 0x0000000085b00000, 0x0000000085c00000|  0%| F|  |TAMS 0x0000000085b00000, 0x0000000085b00000| Untracked 
|  54|0x0000000085c00000, 0x0000000085c00000, 0x0000000085d00000|  0%| F|  |TAMS 0x0000000085c00000, 0x0000000085c00000| Untracked 
|  55|0x0000000085d00000, 0x0000000085d00000, 0x0000000085e00000|  0%| F|  |TAMS 0x0000000085d00000, 0x0000000085d00000| Untracked 
|  56|0x0000000085e00000, 0x0000000085e00000, 0x0000000085f00000|  0%| F|  |TAMS 0x0000000085e00000, 0x0000000085e00000| Untracked 
|  57|0x0000000085f00000, 0x0000000085f00000, 0x0000000086000000|  0%| F|  |TAMS 0x0000000085f00000, 0x0000000085f00000| Untracked 
|  58|0x0000000086000000, 0x0000000086000000, 0x0000000086100000|  0%| F|  |TAMS 0x0000000086000000, 0x0000000086000000| Untracked 
|  59|0x0000000086100000, 0x0000000086100000, 0x0000000086200000|  0%| F|  |TAMS 0x0000000086100000, 0x0000000086100000| Untracked 
|  60|0x0000000086200000, 0x0000000086200000, 0x0000000086300000|  0%| F|  |TAMS 0x0000000086200000, 0x0000000086200000| Untracked 
|  61|0x0000000086300000, 0x0000000086300000, 0x0000000086400000|  0%| F|  |TAMS 0x0000000086300000, 0x0000000086300000| Untracked 
|  62|0x0000000086400000, 0x0000000086400000, 0x0000000086500000|  0%| F|  |TAMS 0x0000000086400000, 0x0000000086400000| Untracked 
|  63|0x0000000086500000, 0x0000000086500000, 0x0000000086600000|  0%| F|  |TAMS 0x0000000086500000, 0x0000000086500000| Untracked 
|  64|0x0000000086600000, 0x0000000086600000, 0x0000000086700000|  0%| F|  |TAMS 0x0000000086600000, 0x0000000086600000| Untracked 
|  65|0x0000000086700000, 0x0000000086700000, 0x0000000086800000|  0%| F|  |TAMS 0x0000000086700000, 0x0000000086700000| Untracked 
|  66|0x0000000086800000, 0x0000000086800000, 0x0000000086900000|  0%| F|  |TAMS 0x0000000086800000, 0x0000000086800000| Untracked 
|  67|0x0000000086900000, 0x0000000086900000, 0x0000000086a00000|  0%| F|  |TAMS 0x0000000086900000, 0x0000000086900000| Untracked 
|  68|0x0000000086a00000, 0x0000000086a00000, 0x0000000086b00000|  0%| F|  |TAMS 0x0000000086a00000, 0x0000000086a00000| Untracked 
|  69|0x0000000086b00000, 0x0000000086b00000, 0x0000000086c00000|  0%| F|  |TAMS 0x0000000086b00000, 0x0000000086b00000| Untracked 
|  70|0x0000000086c00000, 0x0000000086c00000, 0x0000000086d00000|  0%| F|  |TAMS 0x0000000086c00000, 0x0000000086c00000| Untracked 
|  71|0x0000000086d00000, 0x0000000086d00000, 0x0000000086e00000|  0%| F|  |TAMS 0x0000000086d00000, 0x0000000086d00000| Untracked 
|  72|0x0000000086e00000, 0x0000000086e00000, 0x0000000086f00000|  0%| F|  |TAMS 0x0000000086e00000, 0x0000000086e00000| Untracked 
|  73|0x0000000086f00000, 0x0000000086f00000, 0x0000000087000000|  0%| F|  |TAMS 0x0000000086f00000, 0x0000000086f00000| Untracked 
|  74|0x0000000087000000, 0x0000000087000000, 0x0000000087100000|  0%| F|  |TAMS 0x0000000087000000, 0x0000000087000000| Untracked 
|  75|0x0000000087100000, 0x0000000087100000, 0x0000000087200000|  0%| F|  |TAMS 0x0000000087100000, 0x0000000087100000| Untracked 
|  76|0x0000000087200000, 0x0000000087200000, 0x0000000087300000|  0%| F|  |TAMS 0x0000000087200000, 0x0000000087200000| Untracked 
|  77|0x0000000087300000, 0x0000000087300000, 0x0000000087400000|  0%| F|  |TAMS 0x0000000087300000, 0x0000000087300000| Untracked 
|  78|0x0000000087400000, 0x0000000087400000, 0x0000000087500000|  0%| F|  |TAMS 0x0000000087400000, 0x0000000087400000| Untracked 
|  79|0x0000000087500000, 0x0000000087500000, 0x0000000087600000|  0%| F|  |TAMS 0x0000000087500000, 0x0000000087500000| Untracked 
|  80|0x0000000087600000, 0x0000000087600000, 0x0000000087700000|  0%| F|  |TAMS 0x0000000087600000, 0x0000000087600000| Untracked 
|  81|0x0000000087700000, 0x0000000087700000, 0x0000000087800000|  0%| F|  |TAMS 0x0000000087700000, 0x0000000087700000| Untracked 
|  82|0x0000000087800000, 0x0000000087800000, 0x0000000087900000|  0%| F|  |TAMS 0x0000000087800000, 0x0000000087800000| Untracked 
|  83|0x0000000087900000, 0x0000000087900000, 0x0000000087a00000|  0%| F|  |TAMS 0x0000000087900000, 0x0000000087900000| Untracked 
|  84|0x0000000087a00000, 0x0000000087a00000, 0x0000000087b00000|  0%| F|  |TAMS 0x0000000087a00000, 0x0000000087a00000| Untracked 
|  85|0x0000000087b00000, 0x0000000087b00000, 0x0000000087c00000|  0%| F|  |TAMS 0x0000000087b00000, 0x0000000087b00000| Untracked 
|  86|0x0000000087c00000, 0x0000000087c00000, 0x0000000087d00000|  0%| F|  |TAMS 0x0000000087c00000, 0x0000000087c00000| Untracked 
|  87|0x0000000087d00000, 0x0000000087d00000, 0x0000000087e00000|  0%| F|  |TAMS 0x0000000087d00000, 0x0000000087d00000| Untracked 
|  88|0x0000000087e00000, 0x0000000087e00000, 0x0000000087f00000|  0%| F|  |TAMS 0x0000000087e00000, 0x0000000087e00000| Untracked 
|  89|0x0000000087f00000, 0x0000000087f00000, 0x0000000088000000|  0%| F|  |TAMS 0x0000000087f00000, 0x0000000087f00000| Untracked 
|  90|0x0000000088000000, 0x0000000088000000, 0x0000000088100000|  0%| F|  |TAMS 0x0000000088000000, 0x0000000088000000| Untracked 
|  91|0x0000000088100000, 0x0000000088100000, 0x0000000088200000|  0%| F|  |TAMS 0x0000000088100000, 0x0000000088100000| Untracked 
|  92|0x0000000088200000, 0x0000000088200000, 0x0000000088300000|  0%| F|  |TAMS 0x0000000088200000, 0x0000000088200000| Untracked 
|  93|0x0000000088300000, 0x0000000088300000, 0x0000000088400000|  0%| F|  |TAMS 0x0000000088300000, 0x0000000088300000| Untracked 
|  94|0x0000000088400000, 0x0000000088400000, 0x0000000088500000|  0%| F|  |TAMS 0x0000000088400000, 0x0000000088400000| Untracked 
|  95|0x0000000088500000, 0x0000000088500000, 0x0000000088600000|  0%| F|  |TAMS 0x0000000088500000, 0x0000000088500000| Untracked 
|  96|0x0000000088600000, 0x0000000088600000, 0x0000000088700000|  0%| F|  |TAMS 0x0000000088600000, 0x0000000088600000| Untracked 
|  97|0x0000000088700000, 0x00000000887dac30, 0x0000000088800000| 85%| S|CS|TAMS 0x0000000088700000, 0x0000000088700000| Complete 
|  98|0x0000000088800000, 0x0000000088900000, 0x0000000088900000|100%| S|CS|TAMS 0x0000000088800000, 0x0000000088800000| Complete 
|  99|0x0000000088900000, 0x0000000088a00000, 0x0000000088a00000|100%| S|CS|TAMS 0x0000000088900000, 0x0000000088900000| Complete 
| 100|0x0000000088a00000, 0x0000000088b00000, 0x0000000088b00000|100%| S|CS|TAMS 0x0000000088a00000, 0x0000000088a00000| Complete 
| 101|0x0000000088b00000, 0x0000000088c00000, 0x0000000088c00000|100%| S|CS|TAMS 0x0000000088b00000, 0x0000000088b00000| Complete 
| 102|0x0000000088c00000, 0x0000000088c00000, 0x0000000088d00000|  0%| F|  |TAMS 0x0000000088c00000, 0x0000000088c00000| Untracked 
| 103|0x0000000088d00000, 0x0000000088d00000, 0x0000000088e00000|  0%| F|  |TAMS 0x0000000088d00000, 0x0000000088d00000| Untracked 
| 104|0x0000000088e00000, 0x0000000088e00000, 0x0000000088f00000|  0%| F|  |TAMS 0x0000000088e00000, 0x0000000088e00000| Untracked 
| 105|0x0000000088f00000, 0x0000000088f00000, 0x0000000089000000|  0%| F|  |TAMS 0x0000000088f00000, 0x0000000088f00000| Untracked 
| 106|0x0000000089000000, 0x0000000089000000, 0x0000000089100000|  0%| F|  |TAMS 0x0000000089000000, 0x0000000089000000| Untracked 
| 107|0x0000000089100000, 0x0000000089100000, 0x0000000089200000|  0%| F|  |TAMS 0x0000000089100000, 0x0000000089100000| Untracked 
| 108|0x0000000089200000, 0x0000000089200000, 0x0000000089300000|  0%| F|  |TAMS 0x0000000089200000, 0x0000000089200000| Untracked 
| 109|0x0000000089300000, 0x0000000089300000, 0x0000000089400000|  0%| F|  |TAMS 0x0000000089300000, 0x0000000089300000| Untracked 
| 110|0x0000000089400000, 0x0000000089400000, 0x0000000089500000|  0%| F|  |TAMS 0x0000000089400000, 0x0000000089400000| Untracked 
| 111|0x0000000089500000, 0x0000000089500000, 0x0000000089600000|  0%| F|  |TAMS 0x0000000089500000, 0x0000000089500000| Untracked 
| 112|0x0000000089600000, 0x0000000089600000, 0x0000000089700000|  0%| F|  |TAMS 0x0000000089600000, 0x0000000089600000| Untracked 
| 113|0x0000000089700000, 0x0000000089700000, 0x0000000089800000|  0%| F|  |TAMS 0x0000000089700000, 0x0000000089700000| Untracked 
| 114|0x0000000089800000, 0x0000000089800000, 0x0000000089900000|  0%| F|  |TAMS 0x0000000089800000, 0x0000000089800000| Untracked 
| 115|0x0000000089900000, 0x0000000089900000, 0x0000000089a00000|  0%| F|  |TAMS 0x0000000089900000, 0x0000000089900000| Untracked 
| 116|0x0000000089a00000, 0x0000000089a00000, 0x0000000089b00000|  0%| F|  |TAMS 0x0000000089a00000, 0x0000000089a00000| Untracked 
| 117|0x0000000089b00000, 0x0000000089b00000, 0x0000000089c00000|  0%| F|  |TAMS 0x0000000089b00000, 0x0000000089b00000| Untracked 
| 118|0x0000000089c00000, 0x0000000089c00000, 0x0000000089d00000|  0%| F|  |TAMS 0x0000000089c00000, 0x0000000089c00000| Untracked 
| 119|0x0000000089d00000, 0x0000000089d00000, 0x0000000089e00000|  0%| F|  |TAMS 0x0000000089d00000, 0x0000000089d00000| Untracked 
| 120|0x0000000089e00000, 0x0000000089e00000, 0x0000000089f00000|  0%| F|  |TAMS 0x0000000089e00000, 0x0000000089e00000| Untracked 
| 121|0x0000000089f00000, 0x0000000089f00000, 0x000000008a000000|  0%| F|  |TAMS 0x0000000089f00000, 0x0000000089f00000| Untracked 
| 122|0x000000008a000000, 0x000000008a000000, 0x000000008a100000|  0%| F|  |TAMS 0x000000008a000000, 0x000000008a000000| Untracked 
| 123|0x000000008a100000, 0x000000008a100000, 0x000000008a200000|  0%| F|  |TAMS 0x000000008a100000, 0x000000008a100000| Untracked 
| 124|0x000000008a200000, 0x000000008a200000, 0x000000008a300000|  0%| F|  |TAMS 0x000000008a200000, 0x000000008a200000| Untracked 
| 125|0x000000008a300000, 0x000000008a300000, 0x000000008a400000|  0%| F|  |TAMS 0x000000008a300000, 0x000000008a300000| Untracked 

Card table byte_map: [0x0000024c5b700000,0x0000024c5baf0000] _byte_map_base: 0x0000024c5b2ed000

Marking Bits (Prev, Next): (CMBitMap*) 0x0000024c44c795c0, (CMBitMap*) 0x0000024c44c79588
 Prev Bits: [0x0000024c5de50000, 0x0000024c5fdb8000)
 Next Bits: [0x0000024c5bee0000, 0x0000024c5de48000)

Polling page: 0x0000024c42a70000

Metaspace:

Usage:
  Non-class:     26.34 MB capacity,    26.04 MB ( 99%) used,   257.98 KB ( <1%) free+waste,    48.06 KB ( <1%) overhead. 
      Class:      3.74 MB capacity,     3.60 MB ( 96%) used,   118.22 KB (  3%) free+waste,    22.63 KB ( <1%) overhead. 
       Both:     30.08 MB capacity,    29.64 MB ( 99%) used,   376.20 KB (  1%) free+waste,    70.69 KB ( <1%) overhead. 

Virtual space:
  Non-class space:       28.00 MB reserved,      26.42 MB ( 94%) committed 
      Class space:        1.00 GB reserved,       3.75 MB ( <1%) committed 
             Both:        1.03 GB reserved,      30.17 MB (  3%) committed 

Chunk freelists:
   Non-Class:  2.25 KB
       Class:  1.75 KB
        Both:  4.00 KB

CodeHeap 'non-profiled nmethods': size=120064Kb used=704Kb max_used=704Kb free=119359Kb
 bounds [0x0000024c53dd0000, 0x0000024c54040000, 0x0000024c5b310000]
CodeHeap 'profiled nmethods': size=120000Kb used=3690Kb max_used=3690Kb free=116309Kb
 bounds [0x0000024c4c8a0000, 0x0000024c4cc40000, 0x0000024c53dd0000]
CodeHeap 'non-nmethods': size=5696Kb used=1182Kb max_used=1206Kb free=4513Kb
 bounds [0x0000024c4c310000, 0x0000024c4c580000, 0x0000024c4c8a0000]
 total_blobs=2455 nmethods=1920 adapters=446
 compilation: enabled
              stopped_count=0, restarted_count=0
 full_count=0

Compilation events (10 events):
Event: 3.377 Thread 0x0000024c622cc000 nmethod 1913 0x0000024c53e7e610 code [0x0000024c53e7e7a0, 0x0000024c53e7ee38]
Event: 3.384 Thread 0x0000024c63fc0800 1915       4       java.lang.CharacterDataLatin1::isWhitespace (23 bytes)
Event: 3.384 Thread 0x0000024c622d0800 1916       3       java.io.DataOutputStream::<init> (19 bytes)
Event: 3.384 Thread 0x0000024c622cc000 1917  s    4       java.io.DataOutputStream::write (14 bytes)
Event: 3.384 Thread 0x0000024c622d0800 nmethod 1916 0x0000024c4cc38e10 code [0x0000024c4cc38fe0, 0x0000024c4cc39498]
Event: 3.385 Thread 0x0000024c63fc0800 nmethod 1915 0x0000024c53e7f390 code [0x0000024c53e7f500, 0x0000024c53e7f598]
Event: 3.387 Thread 0x0000024c622d0800 1918       3       jdk.internal.loader.AbstractClassLoaderValue$Sub::hashCode (19 bytes)
Event: 3.387 Thread 0x0000024c622d0800 nmethod 1918 0x0000024c4cc39610 code [0x0000024c4cc397e0, 0x0000024c4cc39b38]
Event: 3.387 Thread 0x0000024c63fc0800 1919       4       java.lang.reflect.ProxyGenerator$ConstantPool::getIndirect (63 bytes)
Event: 3.394 Thread 0x0000024c622cc000 nmethod 1917 0x0000024c53e7f690 code [0x0000024c53e7f840, 0x0000024c53e7fff8]

GC Heap History (6 events):
Event: 1.155 GC heap before
{Heap before GC invocations=0 (full 0):
 garbage-first heap   total 129024K, used 15360K [0x0000000082600000, 0x0000000100000000)
  region size 1024K, 14 young (14336K), 0 survivors (0K)
 Metaspace       used 11280K, capacity 11487K, committed 11776K, reserved 1060864K
  class space    used 1167K, capacity 1234K, committed 1280K, reserved 1048576K
}
Event: 1.160 GC heap after
{Heap after GC invocations=1 (full 0):
 garbage-first heap   total 129024K, used 4101K [0x0000000082600000, 0x0000000100000000)
  region size 1024K, 2 young (2048K), 2 survivors (2048K)
 Metaspace       used 11280K, capacity 11487K, committed 11776K, reserved 1060864K
  class space    used 1167K, capacity 1234K, committed 1280K, reserved 1048576K
}
Event: 1.477 GC heap before
{Heap before GC invocations=1 (full 0):
 garbage-first heap   total 129024K, used 13317K [0x0000000082600000, 0x0000000100000000)
  region size 1024K, 11 young (11264K), 2 survivors (2048K)
 Metaspace       used 14520K, capacity 14693K, committed 14848K, reserved 1062912K
  class space    used 1602K, capacity 1684K, committed 1792K, reserved 1048576K
}
Event: 1.481 GC heap after
{Heap after GC invocations=2 (full 0):
 garbage-first heap   total 129024K, used 4888K [0x0000000082600000, 0x0000000100000000)
  region size 1024K, 1 young (1024K), 1 survivors (1024K)
 Metaspace       used 14520K, capacity 14693K, committed 14848K, reserved 1062912K
  class space    used 1602K, capacity 1684K, committed 1792K, reserved 1048576K
}
Event: 2.354 GC heap before
{Heap before GC invocations=2 (full 0):
 garbage-first heap   total 129024K, used 18200K [0x0000000082600000, 0x0000000100000000)
  region size 1024K, 15 young (15360K), 1 survivors (1024K)
 Metaspace       used 20910K, capacity 21213K, committed 21296K, reserved 1069056K
  class space    used 2527K, capacity 2663K, committed 2688K, reserved 1048576K
}
Event: 2.358 GC heap after
{Heap after GC invocations=3 (full 0):
 garbage-first heap   total 129024K, used 5711K [0x0000000082600000, 0x0000000100000000)
  region size 1024K, 2 young (2048K), 2 survivors (2048K)
 Metaspace       used 20910K, capacity 21213K, committed 21296K, reserved 1069056K
  class space    used 2527K, capacity 2663K, committed 2688K, reserved 1048576K
}

Deoptimization events (10 events):
Event: 1.827 Thread 0x0000024c42b7a000 Uncommon trap: reason=unstable_if action=reinterpret pc=0x0000024c53e04d64 method=java.util.concurrent.ConcurrentHashMap.get(Ljava/lang/Object;)Ljava/lang/Object; @ 76 c2
Event: 2.135 Thread 0x0000024c42b7a000 Uncommon trap: reason=unstable_if action=reinterpret pc=0x0000024c53e18580 method=java.io.WinNTFileSystem.normalize(Ljava/lang/String;)Ljava/lang/String; @ 128 c2
Event: 2.703 Thread 0x0000024c42b7a000 Uncommon trap: reason=unstable_if action=reinterpret pc=0x0000024c53e43d1c method=java.util.Properties$LineReader.readLine()I @ 117 c2
Event: 2.728 Thread 0x0000024c42b7a000 Uncommon trap: reason=bimorphic_or_optimized_type_check action=maybe_recompile pc=0x0000024c53e42b78 method=java.util.HashMap.putVal(ILjava/lang/Object;Ljava/lang/Object;ZZ)Ljava/lang/Object; @ 203 c2
Event: 2.728 Thread 0x0000024c42b7a000 Uncommon trap: reason=bimorphic_or_optimized_type_check action=maybe_recompile pc=0x0000024c53e42b78 method=java.util.HashMap.putVal(ILjava/lang/Object;Ljava/lang/Object;ZZ)Ljava/lang/Object; @ 203 c2
Event: 2.802 Thread 0x0000024c42b7a000 Uncommon trap: reason=unstable_if action=reinterpret pc=0x0000024c53e31f54 method=java.lang.StringLatin1.regionMatchesCI([BI[BII)Z @ 66 c2
Event: 2.899 Thread 0x0000024c42b7a000 Uncommon trap: reason=unstable_if action=reinterpret pc=0x0000024c53e63e70 method=java.util.HashMap.putVal(ILjava/lang/Object;Ljava/lang/Object;ZZ)Ljava/lang/Object; @ 162 c2
Event: 3.086 Thread 0x0000024c42b7a000 Uncommon trap: reason=bimorphic_or_optimized_type_check action=maybe_recompile pc=0x0000024c53e67d44 method=java.util.regex.Pattern$SliceI.match(Ljava/util/regex/Matcher;ILjava/lang/CharSequence;)Z @ 92 c2
Event: 3.086 Thread 0x0000024c42b7a000 Uncommon trap: reason=bimorphic_or_optimized_type_check action=maybe_recompile pc=0x0000024c53e67d44 method=java.util.regex.Pattern$SliceI.match(Ljava/util/regex/Matcher;ILjava/lang/CharSequence;)Z @ 92 c2
Event: 3.086 Thread 0x0000024c42b7a000 Uncommon trap: reason=bimorphic_or_optimized_type_check action=maybe_recompile pc=0x0000024c53e67d44 method=java.util.regex.Pattern$SliceI.match(Ljava/util/regex/Matcher;ILjava/lang/CharSequence;)Z @ 92 c2

Classes redefined (0 events):
No events

Internal exceptions (10 events):
Event: 1.673 Thread 0x0000024c42b7a000 Exception <a 'java/lang/NoSuchMethodError'{0x0000000089e8acf0}: java.lang.invoke.DirectMethodHandle$Holder.invokeSpecialIFC(Ljava/lang/Object;Ljava/lang/Object;I)I> (0x0000000089e8acf0) thrown at [./open/src/hotspot/share/interpreter/linkResolver.cpp, lin
Event: 1.689 Thread 0x0000024c42b7a000 Exception <a 'java/lang/ClassNotFoundException'{0x0000000089e9d898}: com/sun/org/apache/xerces/internal/impl/xpath/regex/spi/messageProvider> (0x0000000089e9d898) thrown at [./open/src/hotspot/share/classfile/systemDictionary.cpp, line 226]
Event: 1.923 Thread 0x0000024c42b7a000 Exception <a 'java/lang/NoSuchMethodError'{0x0000000089bb1900}: java.lang.invoke.DirectMethodHandle$Holder.invokeStaticInit(Ljava/lang/Object;IIII)Ljava/lang/Object;> (0x0000000089bb1900) thrown at [./open/src/hotspot/share/interpreter/linkResolver.cpp, l
Event: 2.157 Thread 0x0000024c42b7a000 Exception <a 'java/lang/NoSuchMethodError'{0x0000000089bf9308}: java.lang.invoke.DirectMethodHandle$Holder.invokeStaticInit(Ljava/lang/Object;Ljava/lang/Object;IIII)Ljava/lang/Object;> (0x0000000089bf9308) thrown at [./open/src/hotspot/share/interpreter/l
Event: 2.499 Thread 0x0000024c42b7a000 Exception <a 'java/lang/NoSuchMethodError'{0x000000008a13cd98}: java.lang.invoke.DirectMethodHandle$Holder.invokeVirtual(Ljava/lang/Object;Ljava/lang/Object;Ljava/lang/Object;)Ljava/lang/Object;> (0x000000008a13cd98) thrown at [./open/src/hotspot/share/in
Event: 2.705 Thread 0x0000024c42b7a000 Exception <a 'java/lang/NoSuchMethodError'{0x0000000089a70888}: java.lang.invoke.DirectMethodHandle$Holder.invokeStaticInit(Ljava/lang/Object;Ljava/lang/Object;)V> (0x0000000089a70888) thrown at [./open/src/hotspot/share/interpreter/linkResolver.cpp, line
Event: 2.792 Thread 0x0000024c42b7a000 Exception <a 'sun/nio/fs/WindowsException'{0x000000008980c058}> (0x000000008980c058) thrown at [./open/src/hotspot/share/prims/jni.cpp, line 611]
Event: 2.811 Thread 0x0000024c42b7a000 Exception <a 'java/lang/NoSuchMethodError'{0x0000000089831608}: java.lang.invoke.DirectMethodHandle$Holder.invokeStaticInit(Ljava/lang/Object;Ljava/lang/Object;Ljava/lang/Object;Ljava/lang/Object;)I> (0x0000000089831608) thrown at [./open/src/hotspot/shar
Event: 2.812 Thread 0x0000024c42b7a000 Exception <a 'java/lang/IncompatibleClassChangeError'{0x000000008983a868}: Found class java.lang.Object, but interface was expected> (0x000000008983a868) thrown at [./open/src/hotspot/share/interpreter/linkResolver.cpp, line 838]
Event: 2.813 Thread 0x0000024c42b7a000 Exception <a 'java/lang/NoSuchMethodError'{0x000000008983fd20}: java.lang.invoke.DirectMethodHandle$Holder.invokeStaticInit(Ljava/lang/Object;Ljava/lang/Object;)I> (0x000000008983fd20) thrown at [./open/src/hotspot/share/interpreter/linkResolver.cpp, line

Events (10 events):
Event: 3.406 loading class javax/persistence/NamedStoredProcedureQueries
Event: 3.406 loading class javax/persistence/NamedStoredProcedureQueries done
Event: 3.406 loading class org/hibernate/annotations/common/reflection/java/JavaReflectionManager$2
Event: 3.406 loading class org/hibernate/annotations/common/reflection/java/JavaReflectionManager$2 done
Event: 3.407 loading class org/hibernate/annotations/common/reflection/java/generics/TypeEnvironmentFactory$1
Event: 3.407 loading class org/hibernate/annotations/common/reflection/java/generics/TypeEnvironmentFactory$1 done
Event: 3.407 loading class org/hibernate/annotations/common/reflection/java/generics/CompoundTypeEnvironment
Event: 3.407 loading class org/hibernate/annotations/common/reflection/java/generics/CompoundTypeEnvironment done
Event: 3.408 loading class org/hibernate/cfg/InheritanceState
Event: 3.408 loading class org/hibernate/cfg/InheritanceState done


Dynamic libraries:
0x00007ff6d9750000 - 0x00007ff6d975f000 	C:\Program Files\Java\jdk-11.0.17\bin\javaw.exe
0x00007ffc4cd20000 - 0x00007ffc4cf29000 	C:\Windows\SYSTEM32\ntdll.dll
0x00007ffc4b810000 - 0x00007ffc4b8ce000 	C:\Windows\System32\KERNEL32.DLL
0x00007ffc4a260000 - 0x00007ffc4a5dc000 	C:\Windows\System32\KERNELBASE.dll
0x00007ffc4a750000 - 0x00007ffc4a861000 	C:\Windows\System32\ucrtbase.dll
0x00007ffc3ece0000 - 0x00007ffc3ecf5000 	C:\Program Files\Java\jdk-11.0.17\bin\VCRUNTIME140.dll
0x00007ffc414f0000 - 0x00007ffc41508000 	C:\Program Files\Java\jdk-11.0.17\bin\jli.dll
0x00007ffc4bfa0000 - 0x00007ffc4c04e000 	C:\Windows\System32\ADVAPI32.dll
0x00007ffc4bc60000 - 0x00007ffc4bd03000 	C:\Windows\System32\msvcrt.dll
0x00007ffc4b930000 - 0x00007ffc4b9ce000 	C:\Windows\System32\sechost.dll
0x00007ffc4c0d0000 - 0x00007ffc4c1f0000 	C:\Windows\System32\RPCRT4.dll
0x00007ffc4c4a0000 - 0x00007ffc4c64d000 	C:\Windows\System32\USER32.dll
0x00007ffc4a930000 - 0x00007ffc4a956000 	C:\Windows\System32\win32u.dll
0x00007ffc4ccb0000 - 0x00007ffc4ccd9000 	C:\Windows\System32\GDI32.dll
0x00007ffc4aa00000 - 0x00007ffc4ab18000 	C:\Windows\System32\gdi32full.dll
0x00007ffc4a960000 - 0x00007ffc4a9fd000 	C:\Windows\System32\msvcp_win.dll
0x00007ffc403b0000 - 0x00007ffc403ba000 	C:\Windows\SYSTEM32\VERSION.dll
0x00007ffc21960000 - 0x00007ffc21c05000 	C:\Windows\WinSxS\amd64_microsoft.windows.common-controls_6595b64144ccf1df_6.0.22000.120_none_9d947278b86cc467\COMCTL32.dll
0x00007ffc4cc60000 - 0x00007ffc4cc91000 	C:\Windows\System32\IMM32.DLL
0x00007ffc25690000 - 0x00007ffc2572b000 	C:\Program Files\Java\jdk-11.0.17\bin\msvcp140.dll
0x00007ffbe40f0000 - 0x00007ffbe4c0a000 	C:\Program Files\Java\jdk-11.0.17\bin\server\jvm.dll
0x00007ffc4c350000 - 0x00007ffc4c358000 	C:\Windows\System32\PSAPI.DLL
0x00007ffc332b0000 - 0x00007ffc332b9000 	C:\Windows\SYSTEM32\WSOCK32.dll
0x00007ffc4c1f0000 - 0x00007ffc4c25f000 	C:\Windows\System32\WS2_32.dll
0x00007ffc413d0000 - 0x00007ffc41403000 	C:\Windows\SYSTEM32\WINMM.dll
0x00007ffc49360000 - 0x00007ffc49378000 	C:\Windows\SYSTEM32\kernel.appcore.dll
0x00007ffc32c20000 - 0x00007ffc32c30000 	C:\Program Files\Java\jdk-11.0.17\bin\verify.dll
0x00007ffc47d10000 - 0x00007ffc47f31000 	C:\Windows\SYSTEM32\DBGHELP.DLL
0x00007ffc3f8b0000 - 0x00007ffc3f8e1000 	C:\Windows\SYSTEM32\dbgcore.DLL
0x00007ffc4ab20000 - 0x00007ffc4ab9f000 	C:\Windows\System32\bcryptPrimitives.dll
0x00007ffc2c870000 - 0x00007ffc2c898000 	C:\Program Files\Java\jdk-11.0.17\bin\java.dll
0x00007ffc31de0000 - 0x00007ffc31dea000 	C:\Program Files\Java\jdk-11.0.17\bin\jimage.dll
0x00007ffc2c850000 - 0x00007ffc2c866000 	C:\Program Files\Java\jdk-11.0.17\bin\zip.dll
0x00007ffc4b020000 - 0x00007ffc4b7e5000 	C:\Windows\System32\SHELL32.dll
0x00007ffc482f0000 - 0x00007ffc48b55000 	C:\Windows\SYSTEM32\windows.storage.dll
0x00007ffc4aba0000 - 0x00007ffc4af16000 	C:\Windows\System32\combase.dll
0x00007ffc48180000 - 0x00007ffc482e6000 	C:\Windows\SYSTEM32\wintypes.dll
0x00007ffc4c260000 - 0x00007ffc4c34a000 	C:\Windows\System32\SHCORE.dll
0x00007ffc4bf40000 - 0x00007ffc4bf9d000 	C:\Windows\System32\shlwapi.dll
0x00007ffc4a120000 - 0x00007ffc4a141000 	C:\Windows\SYSTEM32\profapi.dll
0x00007ffc2c790000 - 0x00007ffc2c7a9000 	C:\Program Files\Java\jdk-11.0.17\bin\net.dll
0x00007ffc40e60000 - 0x00007ffc40f72000 	C:\Windows\SYSTEM32\WINHTTP.dll
0x00007ffc49800000 - 0x00007ffc49867000 	C:\Windows\system32\mswsock.dll
0x00007ffc2c770000 - 0x00007ffc2c782000 	C:\Program Files\Java\jdk-11.0.17\bin\nio.dll
0x00007ffc49a50000 - 0x00007ffc49a68000 	C:\Windows\SYSTEM32\CRYPTSP.dll
0x00007ffc492c0000 - 0x00007ffc492f5000 	C:\Windows\system32\rsaenh.dll
0x00007ffc498f0000 - 0x00007ffc49919000 	C:\Windows\SYSTEM32\USERENV.dll
0x00007ffc49bd0000 - 0x00007ffc49bf7000 	C:\Windows\SYSTEM32\bcrypt.dll
0x00007ffc49a40000 - 0x00007ffc49a4c000 	C:\Windows\SYSTEM32\CRYPTBASE.dll
0x00007ffc48e90000 - 0x00007ffc48ebd000 	C:\Windows\SYSTEM32\IPHLPAPI.DLL
0x00007ffc4bed0000 - 0x00007ffc4bed9000 	C:\Windows\System32\NSI.dll
0x00007ffc40d80000 - 0x00007ffc40d99000 	C:\Windows\SYSTEM32\dhcpcsvc6.DLL
0x00007ffc41210000 - 0x00007ffc4122e000 	C:\Windows\SYSTEM32\dhcpcsvc.DLL
0x00007ffc48f00000 - 0x00007ffc48fe8000 	C:\Windows\SYSTEM32\DNSAPI.dll
0x00007ffc3a140000 - 0x00007ffc3a14a000 	C:\Windows\System32\rasadhlp.dll
0x00007ffc3fe70000 - 0x00007ffc3fef1000 	C:\Windows\System32\fwpuclnt.dll
0x00007ffc25520000 - 0x00007ffc25545000 	C:\Program Files\Java\jdk-11.0.17\bin\sunec.dll
0x00007ffc32c40000 - 0x00007ffc32c4d000 	C:\Program Files\Java\jdk-11.0.17\bin\sunmscapi.dll
0x00007ffc4a5e0000 - 0x00007ffc4a742000 	C:\Windows\System32\CRYPT32.dll
0x00007ffc49ba0000 - 0x00007ffc49bc8000 	C:\Windows\SYSTEM32\ncrypt.dll
0x00007ffc49b60000 - 0x00007ffc49b97000 	C:\Windows\SYSTEM32\NTASN1.dll

dbghelp: loaded successfully - version: 4.0.5 - missing functions: none
symbol engine: initialized successfully - sym options: 0x614 - pdb path: .;C:\Program Files\Java\jdk-11.0.17\bin;C:\Windows\SYSTEM32;C:\Windows\WinSxS\amd64_microsoft.windows.common-controls_6595b64144ccf1df_6.0.22000.120_none_9d947278b86cc467;C:\Program Files\Java\jdk-11.0.17\bin\server

VM Arguments:
jvm_args: -Dfile.encoding=Cp1252 
java_command: com.client.NativeSql
java_class_path (initial): C:\Users\User\StsWorkSpace\hibernate\HibernateAnnotations\target\classes;C:\Users\User\.m2\repository\org\hibernate\hibernate-core\5.3.20.Final\hibernate-core-5.3.20.Final.jar;C:\Users\User\.m2\repository\org\jboss\logging\jboss-logging\3.3.2.Final\jboss-logging-3.3.2.Final.jar;C:\Users\User\.m2\repository\javax\persistence\javax.persistence-api\2.2\javax.persistence-api-2.2.jar;C:\Users\User\.m2\repository\org\javassist\javassist\3.23.2-GA\javassist-3.23.2-GA.jar;C:\Users\User\.m2\repository\net\bytebuddy\byte-buddy\1.9.11\byte-buddy-1.9.11.jar;C:\Users\User\.m2\repository\antlr\antlr\2.7.7\antlr-2.7.7.jar;C:\Users\User\.m2\repository\org\jboss\spec\javax\transaction\jboss-transaction-api_1.2_spec\1.1.1.Final\jboss-transaction-api_1.2_spec-1.1.1.Final.jar;C:\Users\User\.m2\repository\org\jboss\jandex\2.0.5.Final\jandex-2.0.5.Final.jar;C:\Users\User\.m2\repository\com\fasterxml\classmate\1.3.4\classmate-1.3.4.jar;C:\Users\User\.m2\repository\javax\activation\javax.activation-api\1.2.0\javax.activation-api-1.2.0.jar;C:\Users\User\.m2\repository\org\dom4j\dom4j\2.1.3\dom4j-2.1.3.jar;C:\Users\User\.m2\repository\org\hibernate\common\hibernate-commons-annotations\5.0.4.Final\hibernate-commons-annotations-5.0.4.Final.jar;C:\Users\User\.m2\repository\javax\xml\bind\jaxb-api\2.3.1\jaxb-api-2.3.1.jar;C:\Users\User\.m2\repository\org\glassfish\jaxb\jaxb-runtime\2.3.1\jaxb-runtime-2.3.1.jar;C:\Users\User\.m2\repository\org\glassfish\jaxb\txw2\2.3.1\txw2-2.3.1.jar;C:\Users\User\.m2\repository\com\sun\istack\istack-commons-runtime\3.0.7\istack-commons-runtime-3.0.7.jar;C:\Users\User\.m2\repository\org\jvnet\staxex\stax-ex\1.8\stax-ex-1.8.jar;C:\Users\User\.m2\repository\com\sun\xml\fastinfoset\FastInfoset\1.2.15\FastInfoset-1.2.15.jar;C:\Users\User\.m2\repository\com\mysql\mysql-connector-j\8.0.31\mysql-connector-j-8.0.31.jar;C:\Users\User\.m2\repository\com\google\protobuf\protobuf-java\3.19.4\protobuf-java-3.19.4.jar;C:\Users\User\.m2\repository\j
Launcher Type: SUN_STANDARD

[Global flags]
     intx CICompilerCount                          = 3                                         {product} {ergonomic}
     uint ConcGCThreads                            = 1                                         {product} {ergonomic}
     uint G1ConcRefinementThreads                  = 4                                         {product} {ergonomic}
   size_t G1HeapRegionSize                         = 1048576                                   {product} {ergonomic}
    uintx GCDrainStackTargetSize                   = 64                                        {product} {ergonomic}
   size_t InitialHeapSize                          = 132120576                                 {product} {ergonomic}
   size_t MarkStackSize                            = 4194304                                   {product} {ergonomic}
   size_t MaxHeapSize                              = 2107637760                                {product} {ergonomic}
   size_t MaxNewSize                               = 1264582656                                {product} {ergonomic}
   size_t MinHeapDeltaBytes                        = 1048576                                   {product} {ergonomic}
    uintx NonNMethodCodeHeapSize                   = 5830732                                {pd product} {ergonomic}
    uintx NonProfiledCodeHeapSize                  = 122913754                              {pd product} {ergonomic}
    uintx ProfiledCodeHeapSize                     = 122913754                              {pd product} {ergonomic}
    uintx ReservedCodeCacheSize                    = 251658240                              {pd product} {ergonomic}
     bool SegmentedCodeCache                       = true                                      {product} {ergonomic}
     bool UseCompressedClassPointers               = true                                 {lp64_product} {ergonomic}
     bool UseCompressedOops                        = true                                 {lp64_product} {ergonomic}
     bool UseG1GC                                  = true                                      {product} {ergonomic}
     bool UseLargePagesIndividualAllocation        = false                                  {pd product} {ergonomic}

Logging:
Log output configuration:
 #0: stdout all=warning uptime,level,tags
 #1: stderr all=off uptime,level,tags

Environment Variables:
PATH=C:\Program Files\Common Files\Oracle\Java\javapath;C:\Windows\system32;C:\Windows;C:\Windows\System32\Wbem;C:\Windows\System32\WindowsPowerShell\v1.0\;C:\Windows\System32\OpenSSH\;C:\Program Files\Java\jdk-11.0.17\bin;C:\apache-maven-3.9.1-bin\BIN;C:\Program Files\MySQL\MySQL Shell 8.0\bin\;C:\Users\User\AppData\Local\Microsoft\WindowsApps;
USERNAME=User
OS=Windows_NT
PROCESSOR_IDENTIFIER=Intel64 Family 6 Model 142 Stepping 9, GenuineIntel



---------------  S Y S T E M  ---------------

OS: Windows 11 , 64 bit Build 22000 (10.0.22000.1516)

CPU:total 4 (initial active 4) (2 cores per cpu, 2 threads per core) family 6 model 142 stepping 9 microcode 0xf0, cmov, cx8, fxsr, mmx, sse, sse2, sse3, ssse3, sse4.1, sse4.2, popcnt, avx, avx2, aes, clmul, erms, rtm, 3dnowpref, lzcnt, ht, tsc, tscinvbit, bmi1, bmi2, adx, fma

Memory: 4k page, system-wide physical 8035M (512M free)
TotalPageFile size 32611M (AvailPageFile size 4M)
current process WorkingSet (physical memory assigned to process): 114M, peak: 114M
current process commit charge ("private bytes"): 239M, peak: 240M

vm_info: Java HotSpot(TM) 64-Bit Server VM (11.0.17+10-LTS-269) for windows-amd64 JRE (11.0.17+10-LTS-269), built on Sep 13 2022 19:26:37 by "mach5one" with MS VC++ 15.9 (VS2017)

END.
